<?xml version="1.0" encoding="UTF-8"?>
<!-- Generated by org.testng.reporters.JUnitXMLReporter -->
<testsuite ignored="0" hostname="IM-LP-2348" failures="4" tests="6" name="Surefire test" time="0.519" errors="0" timestamp="2025-07-04T11:27:27 IST">
  <testcase classname="io.cucumber.testng.AbstractTestNGCucumberTests" name="runScenario" time="0.161">
    <failure type="io.cucumber.testng.UndefinedStepException" message="The step &amp;apos;Log in to the Website.&amp;apos; and 2 other step(s) are undefined.
You can implement these steps using the snippet(s) below:

@Given(&amp;quot;Log in to the Website.&amp;quot;)
public void log_in_to_the_website() {
    // Write code here that turns the phrase above into concrete actions
    throw new io.cucumber.java.PendingException();
}
@When(&amp;quot;Enter valid {string} and {string}&amp;quot;)
public void enter_valid_and(String string, String string2) {
    // Write code here that turns the phrase above into concrete actions
    throw new io.cucumber.java.PendingException();
}
@Then(&amp;quot;Click on login.&amp;quot;)
public void click_on_login() {
    // Write code here that turns the phrase above into concrete actions
    throw new io.cucumber.java.PendingException();
}
">
      <![CDATA[io.cucumber.testng.UndefinedStepException: The step 'Log in to the Website.' and 2 other step(s) are undefined.
You can implement these steps using the snippet(s) below:

@Given("Log in to the Website.")
public void log_in_to_the_website() {
    // Write code here that turns the phrase above into concrete actions
    throw new io.cucumber.java.PendingException();
}
@When("Enter valid {string} and {string}")
public void enter_valid_and(String string, String string2) {
    // Write code here that turns the phrase above into concrete actions
    throw new io.cucumber.java.PendingException();
}
@Then("Click on login.")
public void click_on_login() {
    // Write code here that turns the phrase above into concrete actions
    throw new io.cucumber.java.PendingException();
}

at ✽.Log in to the Website.(file:///C:/Users/skomaragiri/eclipse-workspace/saucedemo/src/test/java/Feature/TC001_Login.feature:6)
]]>
    </failure>
  </testcase> <!-- runScenario -->
  <testcase classname="io.cucumber.testng.AbstractTestNGCucumberTests" name="runScenario" time="0.012">
    <failure type="io.cucumber.testng.UndefinedStepException" message="The step &amp;apos;Enter valid &amp;quot;standard_user&amp;quot; and &amp;quot;secret_sauce&amp;quot;&amp;apos; and 5 other step(s) are undefined.
You can implement these steps using the snippet(s) below:

@When(&amp;quot;Enter valid {string} and {string}&amp;quot;)
public void enter_valid_and(String string, String string2) {
    // Write code here that turns the phrase above into concrete actions
    throw new io.cucumber.java.PendingException();
}
@Then(&amp;quot;Click on login.&amp;quot;)
public void click_on_login() {
    // Write code here that turns the phrase above into concrete actions
    throw new io.cucumber.java.PendingException();
}
@Given(&amp;quot;User should succesfully navigated to the products page.&amp;quot;)
public void user_should_succesfully_navigated_to_the_products_page() {
    // Write code here that turns the phrase above into concrete actions
    throw new io.cucumber.java.PendingException();
}
@When(&amp;quot;User selcted t-shirt&amp;quot;)
public void user_selcted_t_shirt() {
    // Write code here that turns the phrase above into concrete actions
    throw new io.cucumber.java.PendingException();
}
@When(&amp;quot;User selected bag&amp;quot;)
public void user_selected_bag() {
    // Write code here that turns the phrase above into concrete actions
    throw new io.cucumber.java.PendingException();
}
@Then(&amp;quot;products sucessfully added into the cart&amp;quot;)
public void products_sucessfully_added_into_the_cart() {
    // Write code here that turns the phrase above into concrete actions
    throw new io.cucumber.java.PendingException();
}
">
      <![CDATA[io.cucumber.testng.UndefinedStepException: The step 'Enter valid "standard_user" and "secret_sauce"' and 5 other step(s) are undefined.
You can implement these steps using the snippet(s) below:

@When("Enter valid {string} and {string}")
public void enter_valid_and(String string, String string2) {
    // Write code here that turns the phrase above into concrete actions
    throw new io.cucumber.java.PendingException();
}
@Then("Click on login.")
public void click_on_login() {
    // Write code here that turns the phrase above into concrete actions
    throw new io.cucumber.java.PendingException();
}
@Given("User should succesfully navigated to the products page.")
public void user_should_succesfully_navigated_to_the_products_page() {
    // Write code here that turns the phrase above into concrete actions
    throw new io.cucumber.java.PendingException();
}
@When("User selcted t-shirt")
public void user_selcted_t_shirt() {
    // Write code here that turns the phrase above into concrete actions
    throw new io.cucumber.java.PendingException();
}
@When("User selected bag")
public void user_selected_bag() {
    // Write code here that turns the phrase above into concrete actions
    throw new io.cucumber.java.PendingException();
}
@Then("products sucessfully added into the cart")
public void products_sucessfully_added_into_the_cart() {
    // Write code here that turns the phrase above into concrete actions
    throw new io.cucumber.java.PendingException();
}

at ✽.Enter valid "standard_user" and "secret_sauce"(file:///C:/Users/skomaragiri/eclipse-workspace/saucedemo/src/test/java/Feature/TC002_Addproductsintocart.feature:7)
]]>
    </failure>
  </testcase> <!-- runScenario -->
  <testcase classname="io.cucumber.testng.AbstractTestNGCucumberTests" name="runScenario" time="0.009">
    <failure type="io.cucumber.testng.UndefinedStepException" message="The step &amp;apos;Enter valid &amp;quot;standard_user&amp;quot; and &amp;quot;secret_sauce&amp;quot;&amp;apos; and 7 other step(s) are undefined.
You can implement these steps using the snippet(s) below:

@When(&amp;quot;Enter valid {string} and {string}&amp;quot;)
public void enter_valid_and(String string, String string2) {
    // Write code here that turns the phrase above into concrete actions
    throw new io.cucumber.java.PendingException();
}
@Then(&amp;quot;Click on login.&amp;quot;)
public void click_on_login() {
    // Write code here that turns the phrase above into concrete actions
    throw new io.cucumber.java.PendingException();
}
@When(&amp;quot;User selcted t-shirt&amp;quot;)
public void user_selcted_t_shirt() {
    // Write code here that turns the phrase above into concrete actions
    throw new io.cucumber.java.PendingException();
}
@When(&amp;quot;User selected bag&amp;quot;)
public void user_selected_bag() {
    // Write code here that turns the phrase above into concrete actions
    throw new io.cucumber.java.PendingException();
}
@Then(&amp;quot;products sucessfully added into the cart&amp;quot;)
public void products_sucessfully_added_into_the_cart() {
    // Write code here that turns the phrase above into concrete actions
    throw new io.cucumber.java.PendingException();
}
@Given(&amp;quot;user navigated to the cart page&amp;quot;)
public void user_navigated_to_the_cart_page() {
    // Write code here that turns the phrase above into concrete actions
    throw new io.cucumber.java.PendingException();
}
@When(&amp;quot;User removed one of the Added Product&amp;quot;)
public void user_removed_one_of_the_added_product() {
    // Write code here that turns the phrase above into concrete actions
    throw new io.cucumber.java.PendingException();
}
@Then(&amp;quot;Product was successfully removed&amp;quot;)
public void product_was_successfully_removed() {
    // Write code here that turns the phrase above into concrete actions
    throw new io.cucumber.java.PendingException();
}
">
      <![CDATA[io.cucumber.testng.UndefinedStepException: The step 'Enter valid "standard_user" and "secret_sauce"' and 7 other step(s) are undefined.
You can implement these steps using the snippet(s) below:

@When("Enter valid {string} and {string}")
public void enter_valid_and(String string, String string2) {
    // Write code here that turns the phrase above into concrete actions
    throw new io.cucumber.java.PendingException();
}
@Then("Click on login.")
public void click_on_login() {
    // Write code here that turns the phrase above into concrete actions
    throw new io.cucumber.java.PendingException();
}
@When("User selcted t-shirt")
public void user_selcted_t_shirt() {
    // Write code here that turns the phrase above into concrete actions
    throw new io.cucumber.java.PendingException();
}
@When("User selected bag")
public void user_selected_bag() {
    // Write code here that turns the phrase above into concrete actions
    throw new io.cucumber.java.PendingException();
}
@Then("products sucessfully added into the cart")
public void products_sucessfully_added_into_the_cart() {
    // Write code here that turns the phrase above into concrete actions
    throw new io.cucumber.java.PendingException();
}
@Given("user navigated to the cart page")
public void user_navigated_to_the_cart_page() {
    // Write code here that turns the phrase above into concrete actions
    throw new io.cucumber.java.PendingException();
}
@When("User removed one of the Added Product")
public void user_removed_one_of_the_added_product() {
    // Write code here that turns the phrase above into concrete actions
    throw new io.cucumber.java.PendingException();
}
@Then("Product was successfully removed")
public void product_was_successfully_removed() {
    // Write code here that turns the phrase above into concrete actions
    throw new io.cucumber.java.PendingException();
}

at ✽.Enter valid "standard_user" and "secret_sauce"(file:///C:/Users/skomaragiri/eclipse-workspace/saucedemo/src/test/java/Feature/TC003_Cart_page_remove_product.feature:6)
]]>
    </failure>
  </testcase> <!-- runScenario -->
  <testcase classname="io.cucumber.testng.AbstractTestNGCucumberTests" name="runScenario" time="0.031">
    <failure type="io.cucumber.testng.UndefinedStepException" message="The step &amp;apos;Enter valid &amp;quot;standard_user&amp;quot; and &amp;quot;secret_sauce&amp;quot;&amp;apos; and 14 other step(s) are undefined.
You can implement these steps using the snippet(s) below:

@When(&amp;quot;Enter valid {string} and {string}&amp;quot;)
public void enter_valid_and(String string, String string2) {
    // Write code here that turns the phrase above into concrete actions
    throw new io.cucumber.java.PendingException();
}
@Then(&amp;quot;Click on login.&amp;quot;)
public void click_on_login() {
    // Write code here that turns the phrase above into concrete actions
    throw new io.cucumber.java.PendingException();
}
@When(&amp;quot;User selcted t-shirt&amp;quot;)
public void user_selcted_t_shirt() {
    // Write code here that turns the phrase above into concrete actions
    throw new io.cucumber.java.PendingException();
}
@When(&amp;quot;User selected bag&amp;quot;)
public void user_selected_bag() {
    // Write code here that turns the phrase above into concrete actions
    throw new io.cucumber.java.PendingException();
}
@Then(&amp;quot;products sucessfully added into the cart&amp;quot;)
public void products_sucessfully_added_into_the_cart() {
    // Write code here that turns the phrase above into concrete actions
    throw new io.cucumber.java.PendingException();
}
@Given(&amp;quot;user navigated to the cart page&amp;quot;)
public void user_navigated_to_the_cart_page() {
    // Write code here that turns the phrase above into concrete actions
    throw new io.cucumber.java.PendingException();
}
@When(&amp;quot;User removed one of the Added Product&amp;quot;)
public void user_removed_one_of_the_added_product() {
    // Write code here that turns the phrase above into concrete actions
    throw new io.cucumber.java.PendingException();
}
@Then(&amp;quot;Product was successfully removed&amp;quot;)
public void product_was_successfully_removed() {
    // Write code here that turns the phrase above into concrete actions
    throw new io.cucumber.java.PendingException();
}
@Given(&amp;quot;Click on the Checkout button&amp;quot;)
public void click_on_the_checkout_button() {
    // Write code here that turns the phrase above into concrete actions
    throw new io.cucumber.java.PendingException();
}
@Given(&amp;quot;User Navigated to the Checkout page&amp;quot;)
public void user_navigated_to_the_checkout_page() {
    // Write code here that turns the phrase above into concrete actions
    throw new io.cucumber.java.PendingException();
}
@When(&amp;quot;User Enetered the following valid checkout information details&amp;quot;)
public void user_enetered_the_following_valid_checkout_information_details(io.cucumber.datatable.DataTable dataTable) {
    // Write code here that turns the phrase above into concrete actions
    // For automatic transformation, change DataTable to one of
    // E, List&amp;lt;E&amp;gt;, List&amp;lt;List&amp;lt;E&amp;gt;&amp;gt;, List&amp;lt;Map&amp;lt;K,V&amp;gt;&amp;gt;, Map&amp;lt;K,V&amp;gt; or
    // Map&amp;lt;K, List&amp;lt;V&amp;gt;&amp;gt;. E,K,V must be a String, Integer, Float,
    // Double, Byte, Short, Long, BigInteger or BigDecimal.
    //
    // For other transformations you can register a DataTableType.
    throw new io.cucumber.java.PendingException();
}
@When(&amp;quot;User click on continue&amp;quot;)
public void user_click_on_continue() {
    // Write code here that turns the phrase above into concrete actions
    throw new io.cucumber.java.PendingException();
}
@When(&amp;quot;User verified the user details before payment&amp;quot;)
public void user_verified_the_user_details_before_payment() {
    // Write code here that turns the phrase above into concrete actions
    throw new io.cucumber.java.PendingException();
}
@Then(&amp;quot;User clicked on FInish and Order placed successfully&amp;quot;)
public void user_clicked_on_f_inish_and_order_placed_successfully() {
    // Write code here that turns the phrase above into concrete actions
    throw new io.cucumber.java.PendingException();
}
@Then(&amp;quot;User click on Back to home and navigated back to homepage&amp;quot;)
public void user_click_on_back_to_home_and_navigated_back_to_homepage() {
    // Write code here that turns the phrase above into concrete actions
    throw new io.cucumber.java.PendingException();
}
">
      <![CDATA[io.cucumber.testng.UndefinedStepException: The step 'Enter valid "standard_user" and "secret_sauce"' and 14 other step(s) are undefined.
You can implement these steps using the snippet(s) below:

@When("Enter valid {string} and {string}")
public void enter_valid_and(String string, String string2) {
    // Write code here that turns the phrase above into concrete actions
    throw new io.cucumber.java.PendingException();
}
@Then("Click on login.")
public void click_on_login() {
    // Write code here that turns the phrase above into concrete actions
    throw new io.cucumber.java.PendingException();
}
@When("User selcted t-shirt")
public void user_selcted_t_shirt() {
    // Write code here that turns the phrase above into concrete actions
    throw new io.cucumber.java.PendingException();
}
@When("User selected bag")
public void user_selected_bag() {
    // Write code here that turns the phrase above into concrete actions
    throw new io.cucumber.java.PendingException();
}
@Then("products sucessfully added into the cart")
public void products_sucessfully_added_into_the_cart() {
    // Write code here that turns the phrase above into concrete actions
    throw new io.cucumber.java.PendingException();
}
@Given("user navigated to the cart page")
public void user_navigated_to_the_cart_page() {
    // Write code here that turns the phrase above into concrete actions
    throw new io.cucumber.java.PendingException();
}
@When("User removed one of the Added Product")
public void user_removed_one_of_the_added_product() {
    // Write code here that turns the phrase above into concrete actions
    throw new io.cucumber.java.PendingException();
}
@Then("Product was successfully removed")
public void product_was_successfully_removed() {
    // Write code here that turns the phrase above into concrete actions
    throw new io.cucumber.java.PendingException();
}
@Given("Click on the Checkout button")
public void click_on_the_checkout_button() {
    // Write code here that turns the phrase above into concrete actions
    throw new io.cucumber.java.PendingException();
}
@Given("User Navigated to the Checkout page")
public void user_navigated_to_the_checkout_page() {
    // Write code here that turns the phrase above into concrete actions
    throw new io.cucumber.java.PendingException();
}
@When("User Enetered the following valid checkout information details")
public void user_enetered_the_following_valid_checkout_information_details(io.cucumber.datatable.DataTable dataTable) {
    // Write code here that turns the phrase above into concrete actions
    // For automatic transformation, change DataTable to one of
    // E, List<E>, List<List<E>>, List<Map<K,V>>, Map<K,V> or
    // Map<K, List<V>>. E,K,V must be a String, Integer, Float,
    // Double, Byte, Short, Long, BigInteger or BigDecimal.
    //
    // For other transformations you can register a DataTableType.
    throw new io.cucumber.java.PendingException();
}
@When("User click on continue")
public void user_click_on_continue() {
    // Write code here that turns the phrase above into concrete actions
    throw new io.cucumber.java.PendingException();
}
@When("User verified the user details before payment")
public void user_verified_the_user_details_before_payment() {
    // Write code here that turns the phrase above into concrete actions
    throw new io.cucumber.java.PendingException();
}
@Then("User clicked on FInish and Order placed successfully")
public void user_clicked_on_f_inish_and_order_placed_successfully() {
    // Write code here that turns the phrase above into concrete actions
    throw new io.cucumber.java.PendingException();
}
@Then("User click on Back to home and navigated back to homepage")
public void user_click_on_back_to_home_and_navigated_back_to_homepage() {
    // Write code here that turns the phrase above into concrete actions
    throw new io.cucumber.java.PendingException();
}

at ✽.Enter valid "standard_user" and "secret_sauce"(file:///C:/Users/skomaragiri/eclipse-workspace/saucedemo/src/test/java/Feature/TC004_Checkout_page_purchase_order.feature:5)
]]>
    </failure>
  </testcase> <!-- runScenario -->
  <testcase classname="TestRunner.TestRunner" name="runloginfeature" time="0.003"/>
  <testcase classname="TestRunner.TestRunner" name="runAddproduct" time="0.0"/>
</testsuite> <!-- Surefire test -->
