<?xml version="1.0" encoding="UTF-8"?>
<testsuite xmlns:xsi="http://www.w3.org/2001/XMLSchema-instance" xsi:noNamespaceSchemaLocation="https://maven.apache.org/surefire/maven-surefire-plugin/xsd/surefire-test-report-3.0.xsd" version="3.0" name="TestSuite" time="1.292" tests="6" errors="0" skipped="0" failures="4">
  <properties>
[...]
</properties>
  <testcase name="runScenario[&quot;&quot;, &quot;Login to the Account&quot;](1)" classname="TestRunner.TestRunner" time="0.169">
    <failure message="The step &apos;Log in to the Website.&apos; and 2 other step(s) are undefined.&#10;You can implement these steps using the snippet(s) below:&#10;&#10;@Given(&quot;Log in to the Website.&quot;)&#10;public void log_in_to_the_website() {&#10;    // Write code here that turns the phrase above into concrete actions&#10;    throw new io.cucumber.java.PendingException();&#10;}&#10;@When(&quot;Enter valid {string} and {string}&quot;)&#10;public void enter_valid_and(String string, String string2) {&#10;    // Write code here that turns the phrase above into concrete actions&#10;    throw new io.cucumber.java.PendingException();&#10;}&#10;@Then(&quot;Click on login.&quot;)&#10;public void click_on_login() {&#10;    // Write code here that turns the phrase above into concrete actions&#10;    throw new io.cucumber.java.PendingException();&#10;}&#10;" type="io.cucumber.testng.UndefinedStepException"><![CDATA[io.cucumber.testng.UndefinedStepException: 
The step 'Log in to the Website.' and 2 other step(s) are undefined.
You can implement these steps using the snippet(s) below:

@Given("Log in to the Website.")
public void log_in_to_the_website() {
    // Write code here that turns the phrase above into concrete actions
    throw new io.cucumber.java.PendingException();
}
@When("Enter valid {string} and {string}")
public void enter_valid_and(String string, String string2) {
    // Write code here that turns the phrase above into concrete actions
    throw new io.cucumber.java.PendingException();
}
@Then("Click on login.")
public void click_on_login() {
    // Write code here that turns the phrase above into concrete actions
    throw new io.cucumber.java.PendingException();
}

	at ✽.Log in to the Website.(file:///C:/Users/skomaragiri/eclipse-workspace/saucedemo/src/test/java/Feature/TC001_Login.feature:6)
]]></failure>
    <system-out><![CDATA[
@LOGIN
Scenario Outline:                                     # src/test/java/Feature/TC001_Login.feature:12
  Given Log in to the Website.
  When Enter valid "standard_user" and "secret_sauce"
  Then Click on login.
]]></system-out>
    <system-err><![CDATA[SLF4J: Failed to load class "org.slf4j.impl.StaticLoggerBinder".
SLF4J: Defaulting to no-operation (NOP) logger implementation
SLF4J: See http://www.slf4j.org/codes.html#StaticLoggerBinder for further details.
]]></system-err>
  </testcase>
  <testcase name="runScenario[&quot;Add products into Addcart.&quot;, &quot;User can able to add his selcted products into the cart.&quot;](2)" classname="TestRunner.TestRunner" time="0.008">
    <failure message="The step &apos;Enter valid &quot;standard_user&quot; and &quot;secret_sauce&quot;&apos; and 5 other step(s) are undefined.&#10;You can implement these steps using the snippet(s) below:&#10;&#10;@When(&quot;Enter valid {string} and {string}&quot;)&#10;public void enter_valid_and(String string, String string2) {&#10;    // Write code here that turns the phrase above into concrete actions&#10;    throw new io.cucumber.java.PendingException();&#10;}&#10;@Then(&quot;Click on login.&quot;)&#10;public void click_on_login() {&#10;    // Write code here that turns the phrase above into concrete actions&#10;    throw new io.cucumber.java.PendingException();&#10;}&#10;@Given(&quot;User should succesfully navigated to the products page.&quot;)&#10;public void user_should_succesfully_navigated_to_the_products_page() {&#10;    // Write code here that turns the phrase above into concrete actions&#10;    throw new io.cucumber.java.PendingException();&#10;}&#10;@When(&quot;User selcted t-shirt&quot;)&#10;public void user_selcted_t_shirt() {&#10;    // Write code here that turns the phrase above into concrete actions&#10;    throw new io.cucumber.java.PendingException();&#10;}&#10;@When(&quot;User selected bag&quot;)&#10;public void user_selected_bag() {&#10;    // Write code here that turns the phrase above into concrete actions&#10;    throw new io.cucumber.java.PendingException();&#10;}&#10;@Then(&quot;products sucessfully added into the cart&quot;)&#10;public void products_sucessfully_added_into_the_cart() {&#10;    // Write code here that turns the phrase above into concrete actions&#10;    throw new io.cucumber.java.PendingException();&#10;}&#10;" type="io.cucumber.testng.UndefinedStepException"><![CDATA[io.cucumber.testng.UndefinedStepException: 
The step 'Enter valid "standard_user" and "secret_sauce"' and 5 other step(s) are undefined.
You can implement these steps using the snippet(s) below:

@When("Enter valid {string} and {string}")
public void enter_valid_and(String string, String string2) {
    // Write code here that turns the phrase above into concrete actions
    throw new io.cucumber.java.PendingException();
}
@Then("Click on login.")
public void click_on_login() {
    // Write code here that turns the phrase above into concrete actions
    throw new io.cucumber.java.PendingException();
}
@Given("User should succesfully navigated to the products page.")
public void user_should_succesfully_navigated_to_the_products_page() {
    // Write code here that turns the phrase above into concrete actions
    throw new io.cucumber.java.PendingException();
}
@When("User selcted t-shirt")
public void user_selcted_t_shirt() {
    // Write code here that turns the phrase above into concrete actions
    throw new io.cucumber.java.PendingException();
}
@When("User selected bag")
public void user_selected_bag() {
    // Write code here that turns the phrase above into concrete actions
    throw new io.cucumber.java.PendingException();
}
@Then("products sucessfully added into the cart")
public void products_sucessfully_added_into_the_cart() {
    // Write code here that turns the phrase above into concrete actions
    throw new io.cucumber.java.PendingException();
}

	at ✽.Enter valid "standard_user" and "secret_sauce"(file:///C:/Users/skomaragiri/eclipse-workspace/saucedemo/src/test/java/Feature/TC002_Addproductsintocart.feature:7)
]]></failure>
    <system-out><![CDATA[
@ADDPRODUCT
Scenario: Add products into Addcart.                            # src/test/java/Feature/TC002_Addproductsintocart.feature:11
  When Enter valid "standard_user" and "secret_sauce"
  Then Click on login.
  Given User should succesfully navigated to the products page.
  When User selcted t-shirt
  And User selected bag
  Then products sucessfully added into the cart
]]></system-out>
  </testcase>
  <testcase name="runScenario[&quot;Go to Cart page and remove one product.&quot;, &quot;Verify the acrt page and Remove the product&quot;](3)" classname="TestRunner.TestRunner" time="0.01">
    <failure message="The step &apos;Enter valid &quot;standard_user&quot; and &quot;secret_sauce&quot;&apos; and 7 other step(s) are undefined.&#10;You can implement these steps using the snippet(s) below:&#10;&#10;@When(&quot;Enter valid {string} and {string}&quot;)&#10;public void enter_valid_and(String string, String string2) {&#10;    // Write code here that turns the phrase above into concrete actions&#10;    throw new io.cucumber.java.PendingException();&#10;}&#10;@Then(&quot;Click on login.&quot;)&#10;public void click_on_login() {&#10;    // Write code here that turns the phrase above into concrete actions&#10;    throw new io.cucumber.java.PendingException();&#10;}&#10;@When(&quot;User selcted t-shirt&quot;)&#10;public void user_selcted_t_shirt() {&#10;    // Write code here that turns the phrase above into concrete actions&#10;    throw new io.cucumber.java.PendingException();&#10;}&#10;@When(&quot;User selected bag&quot;)&#10;public void user_selected_bag() {&#10;    // Write code here that turns the phrase above into concrete actions&#10;    throw new io.cucumber.java.PendingException();&#10;}&#10;@Then(&quot;products sucessfully added into the cart&quot;)&#10;public void products_sucessfully_added_into_the_cart() {&#10;    // Write code here that turns the phrase above into concrete actions&#10;    throw new io.cucumber.java.PendingException();&#10;}&#10;@Given(&quot;user navigated to the cart page&quot;)&#10;public void user_navigated_to_the_cart_page() {&#10;    // Write code here that turns the phrase above into concrete actions&#10;    throw new io.cucumber.java.PendingException();&#10;}&#10;@When(&quot;User removed one of the Added Product&quot;)&#10;public void user_removed_one_of_the_added_product() {&#10;    // Write code here that turns the phrase above into concrete actions&#10;    throw new io.cucumber.java.PendingException();&#10;}&#10;@Then(&quot;Product was successfully removed&quot;)&#10;public void product_was_successfully_removed() {&#10;    // Write code here that turns the phrase above into concrete actions&#10;    throw new io.cucumber.java.PendingException();&#10;}&#10;" type="io.cucumber.testng.UndefinedStepException"><![CDATA[io.cucumber.testng.UndefinedStepException: 
The step 'Enter valid "standard_user" and "secret_sauce"' and 7 other step(s) are undefined.
You can implement these steps using the snippet(s) below:

@When("Enter valid {string} and {string}")
public void enter_valid_and(String string, String string2) {
    // Write code here that turns the phrase above into concrete actions
    throw new io.cucumber.java.PendingException();
}
@Then("Click on login.")
public void click_on_login() {
    // Write code here that turns the phrase above into concrete actions
    throw new io.cucumber.java.PendingException();
}
@When("User selcted t-shirt")
public void user_selcted_t_shirt() {
    // Write code here that turns the phrase above into concrete actions
    throw new io.cucumber.java.PendingException();
}
@When("User selected bag")
public void user_selected_bag() {
    // Write code here that turns the phrase above into concrete actions
    throw new io.cucumber.java.PendingException();
}
@Then("products sucessfully added into the cart")
public void products_sucessfully_added_into_the_cart() {
    // Write code here that turns the phrase above into concrete actions
    throw new io.cucumber.java.PendingException();
}
@Given("user navigated to the cart page")
public void user_navigated_to_the_cart_page() {
    // Write code here that turns the phrase above into concrete actions
    throw new io.cucumber.java.PendingException();
}
@When("User removed one of the Added Product")
public void user_removed_one_of_the_added_product() {
    // Write code here that turns the phrase above into concrete actions
    throw new io.cucumber.java.PendingException();
}
@Then("Product was successfully removed")
public void product_was_successfully_removed() {
    // Write code here that turns the phrase above into concrete actions
    throw new io.cucumber.java.PendingException();
}

	at ✽.Enter valid "standard_user" and "secret_sauce"(file:///C:/Users/skomaragiri/eclipse-workspace/saucedemo/src/test/java/Feature/TC003_Cart_page_remove_product.feature:6)
]]></failure>
    <system-out><![CDATA[
@CART_PAGE_REMOVE_PRODUCT
Scenario: Go to Cart page and remove one product.     # src/test/java/Feature/TC003_Cart_page_remove_product.feature:14
  When Enter valid "standard_user" and "secret_sauce"
  Then Click on login.
  When User selcted t-shirt
  And User selected bag
  Then products sucessfully added into the cart
  Given user navigated to the cart page
  When User removed one of the Added Product
  Then Product was successfully removed
]]></system-out>
  </testcase>
  <testcase name="runScenario[&quot;&quot;, &quot;User go to the Checkout page and purchased the order&quot;](4)" classname="TestRunner.TestRunner" time="0.036">
    <failure message="The step &apos;Enter valid &quot;standard_user&quot; and &quot;secret_sauce&quot;&apos; and 14 other step(s) are undefined.&#10;You can implement these steps using the snippet(s) below:&#10;&#10;@When(&quot;Enter valid {string} and {string}&quot;)&#10;public void enter_valid_and(String string, String string2) {&#10;    // Write code here that turns the phrase above into concrete actions&#10;    throw new io.cucumber.java.PendingException();&#10;}&#10;@Then(&quot;Click on login.&quot;)&#10;public void click_on_login() {&#10;    // Write code here that turns the phrase above into concrete actions&#10;    throw new io.cucumber.java.PendingException();&#10;}&#10;@When(&quot;User selcted t-shirt&quot;)&#10;public void user_selcted_t_shirt() {&#10;    // Write code here that turns the phrase above into concrete actions&#10;    throw new io.cucumber.java.PendingException();&#10;}&#10;@When(&quot;User selected bag&quot;)&#10;public void user_selected_bag() {&#10;    // Write code here that turns the phrase above into concrete actions&#10;    throw new io.cucumber.java.PendingException();&#10;}&#10;@Then(&quot;products sucessfully added into the cart&quot;)&#10;public void products_sucessfully_added_into_the_cart() {&#10;    // Write code here that turns the phrase above into concrete actions&#10;    throw new io.cucumber.java.PendingException();&#10;}&#10;@Given(&quot;user navigated to the cart page&quot;)&#10;public void user_navigated_to_the_cart_page() {&#10;    // Write code here that turns the phrase above into concrete actions&#10;    throw new io.cucumber.java.PendingException();&#10;}&#10;@When(&quot;User removed one of the Added Product&quot;)&#10;public void user_removed_one_of_the_added_product() {&#10;    // Write code here that turns the phrase above into concrete actions&#10;    throw new io.cucumber.java.PendingException();&#10;}&#10;@Then(&quot;Product was successfully removed&quot;)&#10;public void product_was_successfully_removed() {&#10;    // Write code here that turns the phrase above into concrete actions&#10;    throw new io.cucumber.java.PendingException();&#10;}&#10;@Given(&quot;Click on the Checkout button&quot;)&#10;public void click_on_the_checkout_button() {&#10;    // Write code here that turns the phrase above into concrete actions&#10;    throw new io.cucumber.java.PendingException();&#10;}&#10;@Given(&quot;User Navigated to the Checkout page&quot;)&#10;public void user_navigated_to_the_checkout_page() {&#10;    // Write code here that turns the phrase above into concrete actions&#10;    throw new io.cucumber.java.PendingException();&#10;}&#10;@When(&quot;User Enetered the following valid checkout information details&quot;)&#10;public void user_enetered_the_following_valid_checkout_information_details(io.cucumber.datatable.DataTable dataTable) {&#10;    // Write code here that turns the phrase above into concrete actions&#10;    // For automatic transformation, change DataTable to one of&#10;    // E, List&lt;E&gt;, List&lt;List&lt;E&gt;&gt;, List&lt;Map&lt;K,V&gt;&gt;, Map&lt;K,V&gt; or&#10;    // Map&lt;K, List&lt;V&gt;&gt;. E,K,V must be a String, Integer, Float,&#10;    // Double, Byte, Short, Long, BigInteger or BigDecimal.&#10;    //&#10;    // For other transformations you can register a DataTableType.&#10;    throw new io.cucumber.java.PendingException();&#10;}&#10;@When(&quot;User click on continue&quot;)&#10;public void user_click_on_continue() {&#10;    // Write code here that turns the phrase above into concrete actions&#10;    throw new io.cucumber.java.PendingException();&#10;}&#10;@When(&quot;User verified the user details before payment&quot;)&#10;public void user_verified_the_user_details_before_payment() {&#10;    // Write code here that turns the phrase above into concrete actions&#10;    throw new io.cucumber.java.PendingException();&#10;}&#10;@Then(&quot;User clicked on FInish and Order placed successfully&quot;)&#10;public void user_clicked_on_f_inish_and_order_placed_successfully() {&#10;    // Write code here that turns the phrase above into concrete actions&#10;    throw new io.cucumber.java.PendingException();&#10;}&#10;@Then(&quot;User click on Back to home and navigated back to homepage&quot;)&#10;public void user_click_on_back_to_home_and_navigated_back_to_homepage() {&#10;    // Write code here that turns the phrase above into concrete actions&#10;    throw new io.cucumber.java.PendingException();&#10;}&#10;" type="io.cucumber.testng.UndefinedStepException"><![CDATA[io.cucumber.testng.UndefinedStepException: 
The step 'Enter valid "standard_user" and "secret_sauce"' and 14 other step(s) are undefined.
You can implement these steps using the snippet(s) below:

@When("Enter valid {string} and {string}")
public void enter_valid_and(String string, String string2) {
    // Write code here that turns the phrase above into concrete actions
    throw new io.cucumber.java.PendingException();
}
@Then("Click on login.")
public void click_on_login() {
    // Write code here that turns the phrase above into concrete actions
    throw new io.cucumber.java.PendingException();
}
@When("User selcted t-shirt")
public void user_selcted_t_shirt() {
    // Write code here that turns the phrase above into concrete actions
    throw new io.cucumber.java.PendingException();
}
@When("User selected bag")
public void user_selected_bag() {
    // Write code here that turns the phrase above into concrete actions
    throw new io.cucumber.java.PendingException();
}
@Then("products sucessfully added into the cart")
public void products_sucessfully_added_into_the_cart() {
    // Write code here that turns the phrase above into concrete actions
    throw new io.cucumber.java.PendingException();
}
@Given("user navigated to the cart page")
public void user_navigated_to_the_cart_page() {
    // Write code here that turns the phrase above into concrete actions
    throw new io.cucumber.java.PendingException();
}
@When("User removed one of the Added Product")
public void user_removed_one_of_the_added_product() {
    // Write code here that turns the phrase above into concrete actions
    throw new io.cucumber.java.PendingException();
}
@Then("Product was successfully removed")
public void product_was_successfully_removed() {
    // Write code here that turns the phrase above into concrete actions
    throw new io.cucumber.java.PendingException();
}
@Given("Click on the Checkout button")
public void click_on_the_checkout_button() {
    // Write code here that turns the phrase above into concrete actions
    throw new io.cucumber.java.PendingException();
}
@Given("User Navigated to the Checkout page")
public void user_navigated_to_the_checkout_page() {
    // Write code here that turns the phrase above into concrete actions
    throw new io.cucumber.java.PendingException();
}
@When("User Enetered the following valid checkout information details")
public void user_enetered_the_following_valid_checkout_information_details(io.cucumber.datatable.DataTable dataTable) {
    // Write code here that turns the phrase above into concrete actions
    // For automatic transformation, change DataTable to one of
    // E, List<E>, List<List<E>>, List<Map<K,V>>, Map<K,V> or
    // Map<K, List<V>>. E,K,V must be a String, Integer, Float,
    // Double, Byte, Short, Long, BigInteger or BigDecimal.
    //
    // For other transformations you can register a DataTableType.
    throw new io.cucumber.java.PendingException();
}
@When("User click on continue")
public void user_click_on_continue() {
    // Write code here that turns the phrase above into concrete actions
    throw new io.cucumber.java.PendingException();
}
@When("User verified the user details before payment")
public void user_verified_the_user_details_before_payment() {
    // Write code here that turns the phrase above into concrete actions
    throw new io.cucumber.java.PendingException();
}
@Then("User clicked on FInish and Order placed successfully")
public void user_clicked_on_f_inish_and_order_placed_successfully() {
    // Write code here that turns the phrase above into concrete actions
    throw new io.cucumber.java.PendingException();
}
@Then("User click on Back to home and navigated back to homepage")
public void user_click_on_back_to_home_and_navigated_back_to_homepage() {
    // Write code here that turns the phrase above into concrete actions
    throw new io.cucumber.java.PendingException();
}

	at ✽.Enter valid "standard_user" and "secret_sauce"(file:///C:/Users/skomaragiri/eclipse-workspace/saucedemo/src/test/java/Feature/TC004_Checkout_page_purchase_order.feature:5)
]]></failure>
    <system-out><![CDATA[
@OrderPlaced
Scenario:                                                             # src/test/java/Feature/TC004_Checkout_page_purchase_order.feature:14
  When Enter valid "standard_user" and "secret_sauce"
  Then Click on login.
  When User selcted t-shirt
  And User selected bag
  Then products sucessfully added into the cart
  Given user navigated to the cart page
  When User removed one of the Added Product
  Then Product was successfully removed
  Given Click on the Checkout button
  And User Navigated to the Checkout page
  When User Enetered the following valid checkout information details
    | First Name | Last Name | Zip code |
    | Fisrt      | Last      | 30304    |
  And User click on continue
  And User verified the user details before payment
  Then User clicked on FInish and Order placed successfully
  And User click on Back to home and navigated back to homepage
]]></system-out>
  </testcase>
  <testcase name="runloginfeature" classname="TestRunner.TestRunner" time="0.003"/>
  <testcase name="runAddproduct" classname="TestRunner.TestRunner" time="0.0"/>
</testsuite>