-------------------------------------------------------------------------------
Test set: TestSuite
-------------------------------------------------------------------------------
Tests run: 6, Failures: 4, Errors: 0, Skipped: 0, Time elapsed: 1.292 s <<< FAILURE! -- in TestSuite
TestRunner.TestRunner.runScenario["", "Login to the Account"](1) -- Time elapsed: 0.169 s <<< FAILURE!
io.cucumber.testng.UndefinedStepException: 
The step 'Log in to the Website.' and 2 other step(s) are undefined.
You can implement these steps using the snippet(s) below:

@Given("Log in to the Website.")
public void log_in_to_the_website() {
    // Write code here that turns the phrase above into concrete actions
    throw new io.cucumber.java.PendingException();
}
@When("Enter valid {string} and {string}")
public void enter_valid_and(String string, String string2) {
    // Write code here that turns the phrase above into concrete actions
    throw new io.cucumber.java.PendingException();
}
@Then("Click on login.")
public void click_on_login() {
    // Write code here that turns the phrase above into concrete actions
    throw new io.cucumber.java.PendingException();
}

	at ✽.Log in to the Website.(file:///C:/Users/skomaragiri/eclipse-workspace/saucedemo/src/test/java/Feature/TC001_Login.feature:6)

TestRunner.TestRunner.runScenario["Add products into Addcart.", "User can able to add his selcted products into the cart."](2) -- Time elapsed: 0.008 s <<< FAILURE!
io.cucumber.testng.UndefinedStepException: 
The step 'Enter valid "standard_user" and "secret_sauce"' and 5 other step(s) are undefined.
You can implement these steps using the snippet(s) below:

@When("Enter valid {string} and {string}")
public void enter_valid_and(String string, String string2) {
    // Write code here that turns the phrase above into concrete actions
    throw new io.cucumber.java.PendingException();
}
@Then("Click on login.")
public void click_on_login() {
    // Write code here that turns the phrase above into concrete actions
    throw new io.cucumber.java.PendingException();
}
@Given("User should succesfully navigated to the products page.")
public void user_should_succesfully_navigated_to_the_products_page() {
    // Write code here that turns the phrase above into concrete actions
    throw new io.cucumber.java.PendingException();
}
@When("User selcted t-shirt")
public void user_selcted_t_shirt() {
    // Write code here that turns the phrase above into concrete actions
    throw new io.cucumber.java.PendingException();
}
@When("User selected bag")
public void user_selected_bag() {
    // Write code here that turns the phrase above into concrete actions
    throw new io.cucumber.java.PendingException();
}
@Then("products sucessfully added into the cart")
public void products_sucessfully_added_into_the_cart() {
    // Write code here that turns the phrase above into concrete actions
    throw new io.cucumber.java.PendingException();
}

	at ✽.Enter valid "standard_user" and "secret_sauce"(file:///C:/Users/skomaragiri/eclipse-workspace/saucedemo/src/test/java/Feature/TC002_Addproductsintocart.feature:7)

TestRunner.TestRunner.runScenario["Go to Cart page and remove one product.", "Verify the acrt page and Remove the product"](3) -- Time elapsed: 0.010 s <<< FAILURE!
io.cucumber.testng.UndefinedStepException: 
The step 'Enter valid "standard_user" and "secret_sauce"' and 7 other step(s) are undefined.
You can implement these steps using the snippet(s) below:

@When("Enter valid {string} and {string}")
public void enter_valid_and(String string, String string2) {
    // Write code here that turns the phrase above into concrete actions
    throw new io.cucumber.java.PendingException();
}
@Then("Click on login.")
public void click_on_login() {
    // Write code here that turns the phrase above into concrete actions
    throw new io.cucumber.java.PendingException();
}
@When("User selcted t-shirt")
public void user_selcted_t_shirt() {
    // Write code here that turns the phrase above into concrete actions
    throw new io.cucumber.java.PendingException();
}
@When("User selected bag")
public void user_selected_bag() {
    // Write code here that turns the phrase above into concrete actions
    throw new io.cucumber.java.PendingException();
}
@Then("products sucessfully added into the cart")
public void products_sucessfully_added_into_the_cart() {
    // Write code here that turns the phrase above into concrete actions
    throw new io.cucumber.java.PendingException();
}
@Given("user navigated to the cart page")
public void user_navigated_to_the_cart_page() {
    // Write code here that turns the phrase above into concrete actions
    throw new io.cucumber.java.PendingException();
}
@When("User removed one of the Added Product")
public void user_removed_one_of_the_added_product() {
    // Write code here that turns the phrase above into concrete actions
    throw new io.cucumber.java.PendingException();
}
@Then("Product was successfully removed")
public void product_was_successfully_removed() {
    // Write code here that turns the phrase above into concrete actions
    throw new io.cucumber.java.PendingException();
}

	at ✽.Enter valid "standard_user" and "secret_sauce"(file:///C:/Users/skomaragiri/eclipse-workspace/saucedemo/src/test/java/Feature/TC003_Cart_page_remove_product.feature:6)

TestRunner.TestRunner.runScenario["", "User go to the Checkout page and purchased the order"](4) -- Time elapsed: 0.036 s <<< FAILURE!
io.cucumber.testng.UndefinedStepException: 
The step 'Enter valid "standard_user" and "secret_sauce"' and 14 other step(s) are undefined.
You can implement these steps using the snippet(s) below:

@When("Enter valid {string} and {string}")
public void enter_valid_and(String string, String string2) {
    // Write code here that turns the phrase above into concrete actions
    throw new io.cucumber.java.PendingException();
}
@Then("Click on login.")
public void click_on_login() {
    // Write code here that turns the phrase above into concrete actions
    throw new io.cucumber.java.PendingException();
}
@When("User selcted t-shirt")
public void user_selcted_t_shirt() {
    // Write code here that turns the phrase above into concrete actions
    throw new io.cucumber.java.PendingException();
}
@When("User selected bag")
public void user_selected_bag() {
    // Write code here that turns the phrase above into concrete actions
    throw new io.cucumber.java.PendingException();
}
@Then("products sucessfully added into the cart")
public void products_sucessfully_added_into_the_cart() {
    // Write code here that turns the phrase above into concrete actions
    throw new io.cucumber.java.PendingException();
}
@Given("user navigated to the cart page")
public void user_navigated_to_the_cart_page() {
    // Write code here that turns the phrase above into concrete actions
    throw new io.cucumber.java.PendingException();
}
@When("User removed one of the Added Product")
public void user_removed_one_of_the_added_product() {
    // Write code here that turns the phrase above into concrete actions
    throw new io.cucumber.java.PendingException();
}
@Then("Product was successfully removed")
public void product_was_successfully_removed() {
    // Write code here that turns the phrase above into concrete actions
    throw new io.cucumber.java.PendingException();
}
@Given("Click on the Checkout button")
public void click_on_the_checkout_button() {
    // Write code here that turns the phrase above into concrete actions
    throw new io.cucumber.java.PendingException();
}
@Given("User Navigated to the Checkout page")
public void user_navigated_to_the_checkout_page() {
    // Write code here that turns the phrase above into concrete actions
    throw new io.cucumber.java.PendingException();
}
@When("User Enetered the following valid checkout information details")
public void user_enetered_the_following_valid_checkout_information_details(io.cucumber.datatable.DataTable dataTable) {
    // Write code here that turns the phrase above into concrete actions
    // For automatic transformation, change DataTable to one of
    // E, List<E>, List<List<E>>, List<Map<K,V>>, Map<K,V> or
    // Map<K, List<V>>. E,K,V must be a String, Integer, Float,
    // Double, Byte, Short, Long, BigInteger or BigDecimal.
    //
    // For other transformations you can register a DataTableType.
    throw new io.cucumber.java.PendingException();
}
@When("User click on continue")
public void user_click_on_continue() {
    // Write code here that turns the phrase above into concrete actions
    throw new io.cucumber.java.PendingException();
}
@When("User verified the user details before payment")
public void user_verified_the_user_details_before_payment() {
    // Write code here that turns the phrase above into concrete actions
    throw new io.cucumber.java.PendingException();
}
@Then("User clicked on FInish and Order placed successfully")
public void user_clicked_on_f_inish_and_order_placed_successfully() {
    // Write code here that turns the phrase above into concrete actions
    throw new io.cucumber.java.PendingException();
}
@Then("User click on Back to home and navigated back to homepage")
public void user_click_on_back_to_home_and_navigated_back_to_homepage() {
    // Write code here that turns the phrase above into concrete actions
    throw new io.cucumber.java.PendingException();
}

	at ✽.Enter valid "standard_user" and "secret_sauce"(file:///C:/Users/skomaragiri/eclipse-workspace/saucedemo/src/test/java/Feature/TC004_Checkout_page_purchase_order.feature:5)

