<?xml version="1.0" encoding="UTF-8"?>
<testsuite xmlns:xsi="http://www.w3.org/2001/XMLSchema-instance" xsi:noNamespaceSchemaLocation="https://maven.apache.org/surefire/maven-surefire-plugin/xsd/surefire-test-report-3.0.xsd" version="3.0" name="TestSuite" time="19.204" tests="4" errors="0" skipped="0" failures="0">
  <properties>
[...]
</properties>
  <testcase name="runScenario[&quot;Valid login with different credentials&quot;, &quot;Login to the Account&quot;](1)" classname="Cucumberoptions.TC001_Login_TestRunner" time="5.641">
    <system-out><![CDATA[
@LOGIN
Scenario Outline: Valid login with different credentials # src/test/java/feature/TC001_Login.feature:12
get the scenario interface injection here through DI

    Logger initialized for TC001_Login

------------Browser launched from stepdefinition.
  Given Log in to the Website.                           # stepdefinition.TC001_Login_step.log_in_to_the_website()
  When Enter valid "standard_user" and "secret_sauce"    # stepdefinition.TC001_Login_step.enter_valid_and(java.lang.String,java.lang.String)
  Then Click on login.                                   # stepdefinition.TC001_Login_step.click_on_login()
Browser closed after feature.
]]></system-out>
    <system-err><![CDATA[SLF4J: Failed to load class "org.slf4j.impl.StaticLoggerBinder".
SLF4J: Defaulting to no-operation (NOP) logger implementation
SLF4J: See http://www.slf4j.org/codes.html#StaticLoggerBinder for further details.
Jul 23, 2025 7:44:51 PM org.openqa.selenium.devtools.CdpVersionFinder findNearestMatch
WARNING: Unable to find an exact match for CDP version 138, returning the closest version; found: 137; Please update to a Selenium version that supports CDP version 138
]]></system-err>
  </testcase>
  <testcase name="runScenario[&quot;Add products into Addcart.&quot;, &quot;User can able to add his selcted products into the cart.&quot;](1)" classname="Cucumberoptions.TC002_Addproductsintocart_TestRunner" time="4.212">
    <system-out><![CDATA[
@ADDPRODUCT
Scenario: Add products into Addcart.                            # src/test/java/feature/TC002_Addproductsintocart.feature:11
get the scenario interface injection here through DI

    Logger initialized for TC002_Addproductsintocart

  When Enter valid "standard_user" and "secret_sauce"           # stepdefinition.TC001_Login_step.enter_valid_and(java.lang.String,java.lang.String)
  Then Click on login.                                          # stepdefinition.TC001_Login_step.click_on_login()
User is on the Add products page
  Given User should succesfully navigated to the products page. # stepdefinition.TC002_Addproductsintocart_step.user_should_succesfully_navigated_to_the_products_page()
  When User selcted t-shirt                                     # stepdefinition.TC002_Addproductsintocart_step.user_selcted_t_shirt()
  And User selected bag                                         # stepdefinition.TC002_Addproductsintocart_step.user_selected_bag()
products added
  Then products sucessfully added into the cart                 # stepdefinition.TC002_Addproductsintocart_step.products_sucessfully_added_into_the_cart()
Browser closed after feature.
]]></system-out>
    <system-err><![CDATA[Jul 23, 2025 7:44:55 PM com.aventstack.extentreports.config.external.XmlConfigLoader createStream
SEVERE: src\test\resources\extent-config.xml
java.io.FileNotFoundException: src\test\resources\extent-config.xml (The system cannot find the file specified)
	at java.base/java.io.FileInputStream.open0(Native Method)
	at java.base/java.io.FileInputStream.open(FileInputStream.java:185)
	at java.base/java.io.FileInputStream.<init>(FileInputStream.java:139)
	at com.aventstack.extentreports.config.external.XmlConfigLoader.createStream(XmlConfigLoader.java:39)
	at com.aventstack.extentreports.config.external.XmlConfigLoader.<init>(XmlConfigLoader.java:33)
	at com.aventstack.extentreports.reporter.ExtentSparkReporter.loadXMLConfig(ExtentSparkReporter.java:94)
	at com.aventstack.extentreports.reporter.ExtentSparkReporter.loadXMLConfig(ExtentSparkReporter.java:101)
	at com.aventstack.extentreports.service.ExtentService$ExtentReportsLoader.attach(ExtentService.java:432)
	at com.aventstack.extentreports.service.ExtentService$ExtentReportsLoader.initSpark(ExtentService.java:363)
	at com.aventstack.extentreports.service.ExtentService$ExtentReportsLoader.createViaProperties(ExtentService.java:207)
	at com.aventstack.extentreports.service.ExtentService$ExtentReportsLoader.<clinit>(ExtentService.java:183)
	at com.aventstack.extentreports.service.ExtentService.getInstance(ExtentService.java:42)
	at com.aventstack.extentreports.cucumber.adapter.ExtentCucumberAdapter.<init>(ExtentCucumberAdapter.java:142)
	at java.base/jdk.internal.reflect.DirectConstructorHandleAccessor.newInstance(DirectConstructorHandleAccessor.java:62)
	at java.base/java.lang.reflect.Constructor.newInstanceWithCaller(Constructor.java:499)
	at java.base/java.lang.reflect.Constructor.newInstance(Constructor.java:483)
	at io.cucumber.core.plugin.PluginFactory.newInstance(PluginFactory.java:116)
	at io.cucumber.core.plugin.PluginFactory.instantiate(PluginFactory.java:99)
	at io.cucumber.core.plugin.PluginFactory.create(PluginFactory.java:63)
	at io.cucumber.core.plugin.Plugins.createPlugins(Plugins.java:32)
	at io.cucumber.core.plugin.Plugins.<init>(Plugins.java:25)
	at io.cucumber.testng.TestNGCucumberRunner.<init>(TestNGCucumberRunner.java:111)
	at io.cucumber.testng.AbstractTestNGCucumberTests.setUpClass(AbstractTestNGCucumberTests.java:27)
	at java.base/jdk.internal.reflect.DirectMethodHandleAccessor.invoke(DirectMethodHandleAccessor.java:104)
	at java.base/java.lang.reflect.Method.invoke(Method.java:565)
	at org.testng.internal.invokers.MethodInvocationHelper.invokeMethod(MethodInvocationHelper.java:141)
	at org.testng.internal.invokers.MethodInvocationHelper.invokeMethodConsideringTimeout(MethodInvocationHelper.java:71)
	at org.testng.internal.invokers.ConfigInvoker.invokeConfigurationMethod(ConfigInvoker.java:400)
	at org.testng.internal.invokers.ConfigInvoker.invokeConfigurations(ConfigInvoker.java:333)
	at org.testng.internal.invokers.TestMethodWorker.invokeBeforeClassMethods(TestMethodWorker.java:188)
	at org.testng.internal.invokers.TestMethodWorker.run(TestMethodWorker.java:128)
	at java.base/java.util.ArrayList.forEach(ArrayList.java:1604)
	at org.testng.TestRunner.privateRun(TestRunner.java:739)
	at org.testng.TestRunner.run(TestRunner.java:614)
	at org.testng.SuiteRunner.runTest(SuiteRunner.java:421)
	at org.testng.SuiteRunner.runSequentially(SuiteRunner.java:413)
	at org.testng.SuiteRunner.privateRun(SuiteRunner.java:373)
	at org.testng.SuiteRunner.run(SuiteRunner.java:312)
	at org.testng.SuiteRunnerWorker.runSuite(SuiteRunnerWorker.java:52)
	at org.testng.SuiteRunnerWorker.run(SuiteRunnerWorker.java:95)
	at org.testng.TestNG.runSuitesSequentially(TestNG.java:1274)
	at org.testng.TestNG.runSuitesLocally(TestNG.java:1208)
	at org.testng.TestNG.runSuites(TestNG.java:1112)
	at org.testng.TestNG.run(TestNG.java:1079)
	at org.apache.maven.surefire.testng.TestNGExecutor.run(TestNGExecutor.java:155)
	at org.apache.maven.surefire.testng.TestNGDirectoryTestSuite.executeMulti(TestNGDirectoryTestSuite.java:169)
	at org.apache.maven.surefire.testng.TestNGDirectoryTestSuite.execute(TestNGDirectoryTestSuite.java:88)
	at org.apache.maven.surefire.testng.TestNGProvider.invoke(TestNGProvider.java:137)
	at org.apache.maven.surefire.booter.ForkedBooter.runSuitesInProcess(ForkedBooter.java:385)
	at org.apache.maven.surefire.booter.ForkedBooter.execute(ForkedBooter.java:162)
	at org.apache.maven.surefire.booter.ForkedBooter.run(ForkedBooter.java:507)
	at org.apache.maven.surefire.booter.ForkedBooter.main(ForkedBooter.java:495)

java.lang.IllegalArgumentException: InputStream cannot be null
	at java.xml/javax.xml.parsers.DocumentBuilder.parse(DocumentBuilder.java:118)
	at com.aventstack.extentreports.config.external.XmlConfigLoader.getConfigStore(XmlConfigLoader.java:61)
	at com.aventstack.extentreports.config.external.XmlConfigLoader.apply(XmlConfigLoader.java:46)
	at com.aventstack.extentreports.reporter.ExtentSparkReporter.loadXMLConfig(ExtentSparkReporter.java:96)
	at com.aventstack.extentreports.reporter.ExtentSparkReporter.loadXMLConfig(ExtentSparkReporter.java:101)
	at com.aventstack.extentreports.service.ExtentService$ExtentReportsLoader.attach(ExtentService.java:432)
	at com.aventstack.extentreports.service.ExtentService$ExtentReportsLoader.initSpark(ExtentService.java:363)
	at com.aventstack.extentreports.service.ExtentService$ExtentReportsLoader.createViaProperties(ExtentService.java:207)
	at com.aventstack.extentreports.service.ExtentService$ExtentReportsLoader.<clinit>(ExtentService.java:183)
	at com.aventstack.extentreports.service.ExtentService.getInstance(ExtentService.java:42)
	at com.aventstack.extentreports.cucumber.adapter.ExtentCucumberAdapter.<init>(ExtentCucumberAdapter.java:142)
	at java.base/jdk.internal.reflect.DirectConstructorHandleAccessor.newInstance(DirectConstructorHandleAccessor.java:62)
	at java.base/java.lang.reflect.Constructor.newInstanceWithCaller(Constructor.java:499)
	at java.base/java.lang.reflect.Constructor.newInstance(Constructor.java:483)
	at io.cucumber.core.plugin.PluginFactory.newInstance(PluginFactory.java:116)
	at io.cucumber.core.plugin.PluginFactory.instantiate(PluginFactory.java:99)
	at io.cucumber.core.plugin.PluginFactory.create(PluginFactory.java:63)
	at io.cucumber.core.plugin.Plugins.createPlugins(Plugins.java:32)
	at io.cucumber.core.plugin.Plugins.<init>(Plugins.java:25)
	at io.cucumber.testng.TestNGCucumberRunner.<init>(TestNGCucumberRunner.java:111)
	at io.cucumber.testng.AbstractTestNGCucumberTests.setUpClass(AbstractTestNGCucumberTests.java:27)
	at java.base/jdk.internal.reflect.DirectMethodHandleAccessor.invoke(DirectMethodHandleAccessor.java:104)
	at java.base/java.lang.reflect.Method.invoke(Method.java:565)
	at org.testng.internal.invokers.MethodInvocationHelper.invokeMethod(MethodInvocationHelper.java:141)
	at org.testng.internal.invokers.MethodInvocationHelper.invokeMethodConsideringTimeout(MethodInvocationHelper.java:71)
	at org.testng.internal.invokers.ConfigInvoker.invokeConfigurationMethod(ConfigInvoker.java:400)
	at org.testng.internal.invokers.ConfigInvoker.invokeConfigurations(ConfigInvoker.java:333)
	at org.testng.internal.invokers.TestMethodWorker.invokeBeforeClassMethods(TestMethodWorker.java:188)
	at org.testng.internal.invokers.TestMethodWorker.run(TestMethodWorker.java:128)
	at java.base/java.util.ArrayList.forEach(ArrayList.java:1604)
	at org.testng.TestRunner.privateRun(TestRunner.java:739)
	at org.testng.TestRunner.run(TestRunner.java:614)
	at org.testng.SuiteRunner.runTest(SuiteRunner.java:421)
	at org.testng.SuiteRunner.runSequentially(SuiteRunner.java:413)
	at org.testng.SuiteRunner.privateRun(SuiteRunner.java:373)
	at org.testng.SuiteRunner.run(SuiteRunner.java:312)
	at org.testng.SuiteRunnerWorker.runSuite(SuiteRunnerWorker.java:52)
	at org.testng.SuiteRunnerWorker.run(SuiteRunnerWorker.java:95)
	at org.testng.TestNG.runSuitesSequentially(TestNG.java:1274)
	at org.testng.TestNG.runSuitesLocally(TestNG.java:1208)
	at org.testng.TestNG.runSuites(TestNG.java:1112)
	at org.testng.TestNG.run(TestNG.java:1079)
	at org.apache.maven.surefire.testng.TestNGExecutor.run(TestNGExecutor.java:155)
	at org.apache.maven.surefire.testng.TestNGDirectoryTestSuite.executeMulti(TestNGDirectoryTestSuite.java:169)
	at org.apache.maven.surefire.testng.TestNGDirectoryTestSuite.execute(TestNGDirectoryTestSuite.java:88)
	at org.apache.maven.surefire.testng.TestNGProvider.invoke(TestNGProvider.java:137)
	at org.apache.maven.surefire.booter.ForkedBooter.runSuitesInProcess(ForkedBooter.java:385)
	at org.apache.maven.surefire.booter.ForkedBooter.execute(ForkedBooter.java:162)
	at org.apache.maven.surefire.booter.ForkedBooter.run(ForkedBooter.java:507)
	at org.apache.maven.surefire.booter.ForkedBooter.main(ForkedBooter.java:495)
Jul 23, 2025 7:44:56 PM org.openqa.selenium.devtools.CdpVersionFinder findNearestMatch
WARNING: Unable to find an exact match for CDP version 138, returning the closest version; found: 137; Please update to a Selenium version that supports CDP version 138
]]></system-err>
  </testcase>
  <testcase name="runScenario[&quot;Go to Cart page and remove one product.&quot;, &quot;Verify the acrt page and Remove the product&quot;](1)" classname="Cucumberoptions.TC003_Cart_page_remove_product_TestRunner" time="3.618">
    <system-out><![CDATA[
@CART_PAGE_REMOVE_PRODUCT
Scenario: Go to Cart page and remove one product.     # src/test/java/feature/TC003_Cart_page_remove_product.feature:14
get the scenario interface injection here through DI

    Logger initialized for TC003_Cart_page_remove_product

  When Enter valid "standard_user" and "secret_sauce" # stepdefinition.TC001_Login_step.enter_valid_and(java.lang.String,java.lang.String)
  Then Click on login.                                # stepdefinition.TC001_Login_step.click_on_login()
  When User selcted t-shirt                           # stepdefinition.TC002_Addproductsintocart_step.user_selcted_t_shirt()
  And User selected bag                               # stepdefinition.TC002_Addproductsintocart_step.user_selected_bag()
products added
  Then products sucessfully added into the cart       # stepdefinition.TC002_Addproductsintocart_step.products_sucessfully_added_into_the_cart()
++usr is currently view cart page.
  Given user navigated to the cart page               # stepdefinition.TC003_cart_page_remove_product_step.user_navigated_to_the_cart_page()
  When User removed one of the Added Product          # stepdefinition.TC003_cart_page_remove_product_step.user_removed_one_of_the_added_product()
++user sucessfully removed the product
  Then Product was successfully removed               # stepdefinition.TC003_cart_page_remove_product_step.product_was_successfully_removed()
Browser closed after feature.
]]></system-out>
    <system-err><![CDATA[Jul 23, 2025 7:45:00 PM org.openqa.selenium.devtools.CdpVersionFinder findNearestMatch
WARNING: Unable to find an exact match for CDP version 138, returning the closest version; found: 137; Please update to a Selenium version that supports CDP version 138
]]></system-err>
  </testcase>
  <testcase name="runScenario[&quot;Purchase order&quot;, &quot;User go to the Checkout page and purchased the order&quot;](1)" classname="Cucumberoptions.TC004_Checkout_page_purchase_order_TestRunner" time="4.8">
    <system-out><![CDATA[
@OrderPlaced
Scenario: Purchase order                                              # src/test/java/feature/TC004_Checkout_page_purchase_order.feature:14
get the scenario interface injection here through DI

    Logger initialized for TC004_Checkout_page_purchase_order

  When Enter valid "standard_user" and "secret_sauce"                 # stepdefinition.TC001_Login_step.enter_valid_and(java.lang.String,java.lang.String)
  Then Click on login.                                                # stepdefinition.TC001_Login_step.click_on_login()
  When User selcted t-shirt                                           # stepdefinition.TC002_Addproductsintocart_step.user_selcted_t_shirt()
  And User selected bag                                               # stepdefinition.TC002_Addproductsintocart_step.user_selected_bag()
products added
  Then products sucessfully added into the cart                       # stepdefinition.TC002_Addproductsintocart_step.products_sucessfully_added_into_the_cart()
++usr is currently view cart page.
  Given user navigated to the cart page                               # stepdefinition.TC003_cart_page_remove_product_step.user_navigated_to_the_cart_page()
  When User removed one of the Added Product                          # stepdefinition.TC003_cart_page_remove_product_step.user_removed_one_of_the_added_product()
++user sucessfully removed the product
  Then Product was successfully removed                               # stepdefinition.TC003_cart_page_remove_product_step.product_was_successfully_removed()
  Given Click on the Checkout button                                  # stepdefinition.TC004_Checkout_page_purchase_order_step.click_on_the_checkout_button()
++User currently on the checkout page
  And User Navigated to the Checkout page                             # stepdefinition.TC004_Checkout_page_purchase_order_step.user_navigated_to_the_checkout_page()
Fisrt
Last
30304
  When User Enetered the following valid checkout information details # stepdefinition.TC004_Checkout_page_purchase_order_step.user_enetered_the_following_valid_checkout_information_details(io.cucumber.datatable.DataTable)
    | First Name | Last Name | Zip code |
    | Fisrt      | Last      | 30304    |
  And User click on continue                                          # stepdefinition.TC004_Checkout_page_purchase_order_step.user_click_on_continue()
Details correctly enetered and displayed
  And User verified the user details before payment                   # stepdefinition.TC004_Checkout_page_purchase_order_step.user_verified_the_user_details_before_payment()
  Then User clicked on FInish and Order placed successfully           # stepdefinition.TC004_Checkout_page_purchase_order_step.user_clicked_on_f_inish_and_order_placed_successfully()
  And User click on Back to home and navigated back to homepage       # stepdefinition.TC004_Checkout_page_purchase_order_step.user_click_on_back_to_home_and_navigated_back_to_homepage()
Browser closed after feature.
]]></system-out>
    <system-err><![CDATA[Jul 23, 2025 7:45:04 PM org.openqa.selenium.devtools.CdpVersionFinder findNearestMatch
WARNING: Unable to find an exact match for CDP version 138, returning the closest version; found: 137; Please update to a Selenium version that supports CDP version 138
]]></system-err>
  </testcase>
</testsuite>