<?xml version="1.0" encoding="UTF-8"?>
<testng-results ignored="0" total="4" passed="4" failed="0" skipped="0">
  <reporter-output>
  </reporter-output>
  <suite started-at="2025-07-23T19:44:49 IST" name="Surefire suite" finished-at="2025-07-23T19:45:08 IST" duration-ms="18672">
    <groups>
      <group name="cucumber">
        <method signature="AbstractTestNGCucumberTests.runScenario(io.cucumber.testng.PickleWrapper,io.cucumber.testng.FeatureWrapper)[pri:0, instance:Cucumberoptions.TC001_Login_TestRunner@43301423]" name="runScenario" class="io.cucumber.testng.AbstractTestNGCucumberTests"/>
        <method signature="AbstractTestNGCucumberTests.runScenario(io.cucumber.testng.PickleWrapper,io.cucumber.testng.FeatureWrapper)[pri:0, instance:Cucumberoptions.TC002_Addproductsintocart_TestRunner@2bbf180e]" name="runScenario" class="io.cucumber.testng.AbstractTestNGCucumberTests"/>
        <method signature="AbstractTestNGCucumberTests.runScenario(io.cucumber.testng.PickleWrapper,io.cucumber.testng.FeatureWrapper)[pri:0, instance:Cucumberoptions.TC003_Cart_page_remove_product_TestRunner@163e4e87]" name="runScenario" class="io.cucumber.testng.AbstractTestNGCucumberTests"/>
        <method signature="AbstractTestNGCucumberTests.runScenario(io.cucumber.testng.PickleWrapper,io.cucumber.testng.FeatureWrapper)[pri:0, instance:Cucumberoptions.TC004_Checkout_page_purchase_order_TestRunner@56de5251]" name="runScenario" class="io.cucumber.testng.AbstractTestNGCucumberTests"/>
      </group> <!-- cucumber -->
    </groups>
    <test started-at="2025-07-23T19:44:49 IST" name="Surefire test" finished-at="2025-07-23T19:45:08 IST" duration-ms="18672">
      <class name="Cucumberoptions.TC003_Cart_page_remove_product_TestRunner">
        <test-method is-config="true" signature="setUpClass(org.testng.ITestContext)[pri:0, instance:Cucumberoptions.TC003_Cart_page_remove_product_TestRunner@163e4e87]" started-at="2025-07-23T19:44:59 IST" name="setUpClass" finished-at="2025-07-23T19:44:59 IST" duration-ms="9" status="PASS">
          <params>
            <param index="0">
              <value>
                <![CDATA[org.testng.TestRunner@1a14fdf0]]>
              </value>
            </param>
          </params>
          <reporter-output>
          </reporter-output>
        </test-method> <!-- setUpClass -->
        <test-method signature="runScenario(io.cucumber.testng.PickleWrapper,io.cucumber.testng.FeatureWrapper)[pri:0, instance:Cucumberoptions.TC003_Cart_page_remove_product_TestRunner@163e4e87]" started-at="2025-07-23T19:44:59 IST" name="runScenario" description="Runs Cucumber Scenarios" data-provider="scenarios" finished-at="2025-07-23T19:45:03 IST" duration-ms="3617" status="PASS">
          <params>
            <param index="0">
              <value>
                <![CDATA["Go to Cart page and remove one product."]]>
              </value>
            </param>
            <param index="1">
              <value>
                <![CDATA["Verify the acrt page and Remove the product"]]>
              </value>
            </param>
          </params>
          <reporter-output>
          </reporter-output>
        </test-method> <!-- runScenario -->
        <test-method is-config="true" signature="tearDownClass()[pri:0, instance:Cucumberoptions.TC003_Cart_page_remove_product_TestRunner@163e4e87]" started-at="2025-07-23T19:45:03 IST" name="tearDownClass" finished-at="2025-07-23T19:45:03 IST" duration-ms="1" status="PASS">
          <reporter-output>
          </reporter-output>
        </test-method> <!-- tearDownClass -->
      </class> <!-- Cucumberoptions.TC003_Cart_page_remove_product_TestRunner -->
      <class name="Cucumberoptions.TC001_Login_TestRunner">
        <test-method is-config="true" signature="setUpClass(org.testng.ITestContext)[pri:0, instance:Cucumberoptions.TC001_Login_TestRunner@43301423]" started-at="2025-07-23T19:44:49 IST" name="setUpClass" finished-at="2025-07-23T19:44:49 IST" duration-ms="287" status="PASS">
          <params>
            <param index="0">
              <value>
                <![CDATA[org.testng.TestRunner@1a14fdf0]]>
              </value>
            </param>
          </params>
          <reporter-output>
          </reporter-output>
        </test-method> <!-- setUpClass -->
        <test-method signature="runScenario(io.cucumber.testng.PickleWrapper,io.cucumber.testng.FeatureWrapper)[pri:0, instance:Cucumberoptions.TC001_Login_TestRunner@43301423]" started-at="2025-07-23T19:44:49 IST" name="runScenario" description="Runs Cucumber Scenarios" data-provider="scenarios" finished-at="2025-07-23T19:44:55 IST" duration-ms="5640" status="PASS">
          <params>
            <param index="0">
              <value>
                <![CDATA["Valid login with different credentials"]]>
              </value>
            </param>
            <param index="1">
              <value>
                <![CDATA["Login to the Account"]]>
              </value>
            </param>
          </params>
          <reporter-output>
          </reporter-output>
        </test-method> <!-- runScenario -->
        <test-method is-config="true" signature="tearDownClass()[pri:0, instance:Cucumberoptions.TC001_Login_TestRunner@43301423]" started-at="2025-07-23T19:44:55 IST" name="tearDownClass" finished-at="2025-07-23T19:44:55 IST" duration-ms="3" status="PASS">
          <reporter-output>
          </reporter-output>
        </test-method> <!-- tearDownClass -->
      </class> <!-- Cucumberoptions.TC001_Login_TestRunner -->
      <class name="Cucumberoptions.TC002_Addproductsintocart_TestRunner">
        <test-method is-config="true" signature="setUpClass(org.testng.ITestContext)[pri:0, instance:Cucumberoptions.TC002_Addproductsintocart_TestRunner@2bbf180e]" started-at="2025-07-23T19:44:55 IST" name="setUpClass" finished-at="2025-07-23T19:44:55 IST" duration-ms="36" status="PASS">
          <params>
            <param index="0">
              <value>
                <![CDATA[org.testng.TestRunner@1a14fdf0]]>
              </value>
            </param>
          </params>
          <reporter-output>
          </reporter-output>
        </test-method> <!-- setUpClass -->
        <test-method signature="runScenario(io.cucumber.testng.PickleWrapper,io.cucumber.testng.FeatureWrapper)[pri:0, instance:Cucumberoptions.TC002_Addproductsintocart_TestRunner@2bbf180e]" started-at="2025-07-23T19:44:55 IST" name="runScenario" description="Runs Cucumber Scenarios" data-provider="scenarios" finished-at="2025-07-23T19:44:59 IST" duration-ms="4216" status="PASS">
          <params>
            <param index="0">
              <value>
                <![CDATA["Add products into Addcart."]]>
              </value>
            </param>
            <param index="1">
              <value>
                <![CDATA["User can able to add his selcted products into the cart."]]>
              </value>
            </param>
          </params>
          <reporter-output>
          </reporter-output>
        </test-method> <!-- runScenario -->
        <test-method is-config="true" signature="tearDownClass()[pri:0, instance:Cucumberoptions.TC002_Addproductsintocart_TestRunner@2bbf180e]" started-at="2025-07-23T19:44:59 IST" name="tearDownClass" finished-at="2025-07-23T19:44:59 IST" duration-ms="2" status="PASS">
          <reporter-output>
          </reporter-output>
        </test-method> <!-- tearDownClass -->
      </class> <!-- Cucumberoptions.TC002_Addproductsintocart_TestRunner -->
      <class name="Cucumberoptions.TC004_Checkout_page_purchase_order_TestRunner">
        <test-method is-config="true" signature="setUpClass(org.testng.ITestContext)[pri:0, instance:Cucumberoptions.TC004_Checkout_page_purchase_order_TestRunner@56de5251]" started-at="2025-07-23T19:45:03 IST" name="setUpClass" finished-at="2025-07-23T19:45:03 IST" duration-ms="13" status="PASS">
          <params>
            <param index="0">
              <value>
                <![CDATA[org.testng.TestRunner@1a14fdf0]]>
              </value>
            </param>
          </params>
          <reporter-output>
          </reporter-output>
        </test-method> <!-- setUpClass -->
        <test-method signature="runScenario(io.cucumber.testng.PickleWrapper,io.cucumber.testng.FeatureWrapper)[pri:0, instance:Cucumberoptions.TC004_Checkout_page_purchase_order_TestRunner@56de5251]" started-at="2025-07-23T19:45:03 IST" name="runScenario" description="Runs Cucumber Scenarios" data-provider="scenarios" finished-at="2025-07-23T19:45:08 IST" duration-ms="4799" status="PASS">
          <params>
            <param index="0">
              <value>
                <![CDATA["Purchase order"]]>
              </value>
            </param>
            <param index="1">
              <value>
                <![CDATA["User go to the Checkout page and purchased the order"]]>
              </value>
            </param>
          </params>
          <reporter-output>
          </reporter-output>
        </test-method> <!-- runScenario -->
        <test-method is-config="true" signature="tearDownClass()[pri:0, instance:Cucumberoptions.TC004_Checkout_page_purchase_order_TestRunner@56de5251]" started-at="2025-07-23T19:45:08 IST" name="tearDownClass" finished-at="2025-07-23T19:45:08 IST" duration-ms="0" status="PASS">
          <reporter-output>
          </reporter-output>
        </test-method> <!-- tearDownClass -->
      </class> <!-- Cucumberoptions.TC004_Checkout_page_purchase_order_TestRunner -->
    </test> <!-- Surefire test -->
  </suite> <!-- Surefire suite -->
</testng-results>
