<?xml version="1.0" encoding="UTF-8"?>
<testng-results ignored="0" total="4" passed="4" failed="0" skipped="0">
  <reporter-output>
  </reporter-output>
  <suite started-at="2025-07-23T19:01:59 IST" name="saucedemo Suite" finished-at="2025-07-23T19:02:20 IST" duration-ms="21278">
    <groups>
      <group name="cucumber">
        <method signature="AbstractTestNGCucumberTests.runScenario(io.cucumber.testng.PickleWrapper,io.cucumber.testng.FeatureWrapper)[pri:0, instance:Cucumberoptions.TC001_Login_TestRunner@1573f9fc]" name="runScenario" class="io.cucumber.testng.AbstractTestNGCucumberTests"/>
        <method signature="AbstractTestNGCucumberTests.runScenario(io.cucumber.testng.PickleWrapper,io.cucumber.testng.FeatureWrapper)[pri:0, instance:Cucumberoptions.TC002_Addproductsintocart_TestRunner@6a78afa0]" name="runScenario" class="io.cucumber.testng.AbstractTestNGCucumberTests"/>
        <method signature="AbstractTestNGCucumberTests.runScenario(io.cucumber.testng.PickleWrapper,io.cucumber.testng.FeatureWrapper)[pri:0, instance:Cucumberoptions.TC003_Cart_page_remove_product_TestRunner@2f4948e4]" name="runScenario" class="io.cucumber.testng.AbstractTestNGCucumberTests"/>
        <method signature="AbstractTestNGCucumberTests.runScenario(io.cucumber.testng.PickleWrapper,io.cucumber.testng.FeatureWrapper)[pri:0, instance:Cucumberoptions.TC004_Checkout_page_purchase_order_testrunner@1f2586d6]" name="runScenario" class="io.cucumber.testng.AbstractTestNGCucumberTests"/>
      </group> <!-- cucumber -->
    </groups>
    <test started-at="2025-07-23T19:01:59 IST" name="Login and AddProduct Tests" finished-at="2025-07-23T19:02:20 IST" duration-ms="21278">
      <class name="Cucumberoptions.TC004_Checkout_page_purchase_order_testrunner">
        <test-method is-config="true" signature="setUpClass(org.testng.ITestContext)[pri:0, instance:Cucumberoptions.TC004_Checkout_page_purchase_order_testrunner@1f2586d6]" started-at="2025-07-23T19:02:14 IST" name="setUpClass" finished-at="2025-07-23T19:02:14 IST" duration-ms="20" status="PASS">
          <params>
            <param index="0">
              <value>
                <![CDATA[org.testng.TestRunner@17c4dc5b]]>
              </value>
            </param>
          </params>
          <reporter-output>
          </reporter-output>
        </test-method> <!-- setUpClass -->
        <test-method signature="runScenario(io.cucumber.testng.PickleWrapper,io.cucumber.testng.FeatureWrapper)[pri:0, instance:Cucumberoptions.TC004_Checkout_page_purchase_order_testrunner@1f2586d6]" started-at="2025-07-23T19:02:14 IST" name="runScenario" description="Runs Cucumber Scenarios" data-provider="scenarios" finished-at="2025-07-23T19:02:20 IST" duration-ms="5793" status="PASS">
          <params>
            <param index="0">
              <value>
                <![CDATA["Purchase order"]]>
              </value>
            </param>
            <param index="1">
              <value>
                <![CDATA["User go to the Checkout page and purchased the order"]]>
              </value>
            </param>
          </params>
          <reporter-output>
          </reporter-output>
        </test-method> <!-- runScenario -->
        <test-method is-config="true" signature="tearDownClass()[pri:0, instance:Cucumberoptions.TC004_Checkout_page_purchase_order_testrunner@1f2586d6]" started-at="2025-07-23T19:02:20 IST" name="tearDownClass" finished-at="2025-07-23T19:02:20 IST" duration-ms="0" status="PASS">
          <reporter-output>
          </reporter-output>
        </test-method> <!-- tearDownClass -->
      </class> <!-- Cucumberoptions.TC004_Checkout_page_purchase_order_testrunner -->
      <class name="Cucumberoptions.TC003_Cart_page_remove_product_TestRunner">
        <test-method is-config="true" signature="setUpClass(org.testng.ITestContext)[pri:0, instance:Cucumberoptions.TC003_Cart_page_remove_product_TestRunner@2f4948e4]" started-at="2025-07-23T19:02:10 IST" name="setUpClass" finished-at="2025-07-23T19:02:10 IST" duration-ms="8" status="PASS">
          <params>
            <param index="0">
              <value>
                <![CDATA[org.testng.TestRunner@17c4dc5b]]>
              </value>
            </param>
          </params>
          <reporter-output>
          </reporter-output>
        </test-method> <!-- setUpClass -->
        <test-method signature="runScenario(io.cucumber.testng.PickleWrapper,io.cucumber.testng.FeatureWrapper)[pri:0, instance:Cucumberoptions.TC003_Cart_page_remove_product_TestRunner@2f4948e4]" started-at="2025-07-23T19:02:10 IST" name="runScenario" description="Runs Cucumber Scenarios" data-provider="scenarios" finished-at="2025-07-23T19:02:14 IST" duration-ms="4220" status="PASS">
          <params>
            <param index="0">
              <value>
                <![CDATA["Go to Cart page and remove one product."]]>
              </value>
            </param>
            <param index="1">
              <value>
                <![CDATA["Verify the acrt page and Remove the product"]]>
              </value>
            </param>
          </params>
          <reporter-output>
          </reporter-output>
        </test-method> <!-- runScenario -->
        <test-method is-config="true" signature="tearDownClass()[pri:0, instance:Cucumberoptions.TC003_Cart_page_remove_product_TestRunner@2f4948e4]" started-at="2025-07-23T19:02:14 IST" name="tearDownClass" finished-at="2025-07-23T19:02:14 IST" duration-ms="2" status="PASS">
          <reporter-output>
          </reporter-output>
        </test-method> <!-- tearDownClass -->
      </class> <!-- Cucumberoptions.TC003_Cart_page_remove_product_TestRunner -->
      <class name="Cucumberoptions.TC001_Login_TestRunner">
        <test-method is-config="true" signature="setUpClass(org.testng.ITestContext)[pri:0, instance:Cucumberoptions.TC001_Login_TestRunner@1573f9fc]" started-at="2025-07-23T19:01:59 IST" name="setUpClass" finished-at="2025-07-23T19:01:59 IST" duration-ms="421" status="PASS">
          <params>
            <param index="0">
              <value>
                <![CDATA[org.testng.TestRunner@17c4dc5b]]>
              </value>
            </param>
          </params>
          <reporter-output>
          </reporter-output>
        </test-method> <!-- setUpClass -->
        <test-method signature="runScenario(io.cucumber.testng.PickleWrapper,io.cucumber.testng.FeatureWrapper)[pri:0, instance:Cucumberoptions.TC001_Login_TestRunner@1573f9fc]" started-at="2025-07-23T19:01:59 IST" name="runScenario" description="Runs Cucumber Scenarios" data-provider="scenarios" finished-at="2025-07-23T19:02:06 IST" duration-ms="6596" status="PASS">
          <params>
            <param index="0">
              <value>
                <![CDATA["Valid login with different credentials"]]>
              </value>
            </param>
            <param index="1">
              <value>
                <![CDATA["Login to the Account"]]>
              </value>
            </param>
          </params>
          <reporter-output>
          </reporter-output>
        </test-method> <!-- runScenario -->
        <test-method is-config="true" signature="tearDownClass()[pri:0, instance:Cucumberoptions.TC001_Login_TestRunner@1573f9fc]" started-at="2025-07-23T19:02:06 IST" name="tearDownClass" finished-at="2025-07-23T19:02:06 IST" duration-ms="3" status="PASS">
          <reporter-output>
          </reporter-output>
        </test-method> <!-- tearDownClass -->
      </class> <!-- Cucumberoptions.TC001_Login_TestRunner -->
      <class name="Cucumberoptions.TC002_Addproductsintocart_TestRunner">
        <test-method is-config="true" signature="setUpClass(org.testng.ITestContext)[pri:0, instance:Cucumberoptions.TC002_Addproductsintocart_TestRunner@6a78afa0]" started-at="2025-07-23T19:02:06 IST" name="setUpClass" finished-at="2025-07-23T19:02:06 IST" duration-ms="35" status="PASS">
          <params>
            <param index="0">
              <value>
                <![CDATA[org.testng.TestRunner@17c4dc5b]]>
              </value>
            </param>
          </params>
          <reporter-output>
          </reporter-output>
        </test-method> <!-- setUpClass -->
        <test-method signature="runScenario(io.cucumber.testng.PickleWrapper,io.cucumber.testng.FeatureWrapper)[pri:0, instance:Cucumberoptions.TC002_Addproductsintocart_TestRunner@6a78afa0]" started-at="2025-07-23T19:02:06 IST" name="runScenario" description="Runs Cucumber Scenarios" data-provider="scenarios" finished-at="2025-07-23T19:02:10 IST" duration-ms="4100" status="PASS">
          <params>
            <param index="0">
              <value>
                <![CDATA["Add products into Addcart."]]>
              </value>
            </param>
            <param index="1">
              <value>
                <![CDATA["User can able to add his selcted products into the cart."]]>
              </value>
            </param>
          </params>
          <reporter-output>
          </reporter-output>
        </test-method> <!-- runScenario -->
        <test-method is-config="true" signature="tearDownClass()[pri:0, instance:Cucumberoptions.TC002_Addproductsintocart_TestRunner@6a78afa0]" started-at="2025-07-23T19:02:10 IST" name="tearDownClass" finished-at="2025-07-23T19:02:10 IST" duration-ms="3" status="PASS">
          <reporter-output>
          </reporter-output>
        </test-method> <!-- tearDownClass -->
      </class> <!-- Cucumberoptions.TC002_Addproductsintocart_TestRunner -->
    </test> <!-- Login and AddProduct Tests -->
  </suite> <!-- saucedemo Suite -->
</testng-results>
